1505243135.386233 client started (92091): version 2.5, socket /private/tmp/tmux-569491803/default, protocol 8
1505243135.386265 on Darwin 16.7.0 Darwin Kernel Version 16.7.0: Thu Jun 15 17:36:27 PDT 2017; root:xnu-3789.70.16~2/RELEASE_X86_64; libevent 2.1.8-stable (select)
1505243135.386299 socket is /private/tmp/tmux-569491803/default
1505243135.386313 trying connect
1505243135.386386 add peer 0x7fb298802000: 6 (0x0)
1505243135.388262 sending message 100 to peer 0x7fb298802000 (4 bytes)
1505243135.388281 sending message 101 to peer 0x7fb298802000 (16 bytes)
1505243135.388285 sending message 102 to peer 0x7fb298802000 (13 bytes)
1505243135.388288 sending message 108 to peer 0x7fb298802000 (25 bytes)
1505243135.388298 sending message 104 to peer 0x7fb298802000 (0 bytes)
1505243135.388301 sending message 107 to peer 0x7fb298802000 (4 bytes)
1505243135.388304 sending message 105 to peer 0x7fb298802000 (76 bytes)
1505243135.388307 sending message 105 to peer 0x7fb298802000 (40 bytes)
1505243135.388310 sending message 105 to peer 0x7fb298802000 (11 bytes)
1505243135.388313 sending message 105 to peer 0x7fb298802000 (15 bytes)
1505243135.388322 sending message 105 to peer 0x7fb298802000 (12 bytes)
1505243135.388325 sending message 105 to peer 0x7fb298802000 (21 bytes)
1505243135.388328 sending message 105 to peer 0x7fb298802000 (28 bytes)
1505243135.388331 sending message 105 to peer 0x7fb298802000 (61 bytes)
1505243135.388345 sending message 105 to peer 0x7fb298802000 (17 bytes)
1505243135.388348 sending message 105 to peer 0x7fb298802000 (17 bytes)
1505243135.388352 sending message 105 to peer 0x7fb298802000 (146 bytes)
1505243135.388355 sending message 105 to peer 0x7fb298802000 (54 bytes)
1505243135.388358 sending message 105 to peer 0x7fb298802000 (16 bytes)
1505243135.388361 sending message 105 to peer 0x7fb298802000 (29 bytes)
1505243135.388364 sending message 105 to peer 0x7fb298802000 (42 bytes)
1505243135.388367 sending message 105 to peer 0x7fb298802000 (46 bytes)
1505243135.388370 sending message 105 to peer 0x7fb298802000 (60 bytes)
1505243135.388373 sending message 105 to peer 0x7fb298802000 (32 bytes)
1505243135.388376 sending message 105 to peer 0x7fb298802000 (272 bytes)
1505243135.388379 sending message 105 to peer 0x7fb298802000 (132 bytes)
1505243135.388382 sending message 105 to peer 0x7fb298802000 (29 bytes)
1505243135.388385 sending message 105 to peer 0x7fb298802000 (16 bytes)
1505243135.388389 sending message 105 to peer 0x7fb298802000 (15 bytes)
1505243135.388392 sending message 105 to peer 0x7fb298802000 (8 bytes)
1505243135.388395 sending message 105 to peer 0x7fb298802000 (66 bytes)
1505243135.388398 sending message 105 to peer 0x7fb298802000 (21 bytes)
1505243135.388401 sending message 105 to peer 0x7fb298802000 (23 bytes)
1505243135.388404 sending message 105 to peer 0x7fb298802000 (28 bytes)
1505243135.388407 sending message 105 to peer 0x7fb298802000 (60 bytes)
1505243135.388410 sending message 105 to peer 0x7fb298802000 (57 bytes)
1505243135.388413 sending message 105 to peer 0x7fb298802000 (48 bytes)
1505243135.388416 sending message 105 to peer 0x7fb298802000 (14 bytes)
1505243135.388419 sending message 105 to peer 0x7fb298802000 (56 bytes)
1505243135.388422 sending message 105 to peer 0x7fb298802000 (14 bytes)
1505243135.388427 sending message 105 to peer 0x7fb298802000 (12 bytes)
1505243135.388430 sending message 105 to peer 0x7fb298802000 (14 bytes)
1505243135.388433 sending message 105 to peer 0x7fb298802000 (19 bytes)
1505243135.388436 sending message 105 to peer 0x7fb298802000 (22 bytes)
1505243135.388439 sending message 105 to peer 0x7fb298802000 (43 bytes)
1505243135.388442 sending message 105 to peer 0x7fb298802000 (82 bytes)
1505243135.388445 sending message 105 to peer 0x7fb298802000 (17 bytes)
1505243135.388448 sending message 105 to peer 0x7fb298802000 (15 bytes)
1505243135.388451 sending message 106 to peer 0x7fb298802000 (0 bytes)
1505243135.388458 sending message 200 to peer 0x7fb298802000 (4 bytes)
1505243135.388463 client loop enter
1505243135.388773 peer 0x7fb298802000 message 211
1505243135.388806 peer 0x7fb298802000 message 203
1505243135.388812 client loop exit
